d:\documents\physicengine\collisionengine\debug\vc141.pdb
d:\documents\physicengine\collisionengine\debug\vc141.idb
d:\documents\physicengine\collisionengine\debug\world.obj
d:\documents\physicengine\collisionengine\debug\treenode.obj
d:\documents\physicengine\collisionengine\debug\stdafx.obj
d:\documents\physicengine\collisionengine\debug\timer.obj
d:\documents\physicengine\collisionengine\debug\sdlrenderwindow.obj
d:\documents\physicengine\collisionengine\debug\scenemanager.obj
d:\documents\physicengine\collisionengine\debug\renderer.obj
d:\documents\physicengine\collisionengine\debug\polygon.obj
d:\documents\physicengine\collisionengine\debug\physicengine.obj
d:\documents\physicengine\collisionengine\debug\maths.obj
d:\documents\physicengine\collisionengine\debug\globalevariables.obj
d:\documents\physicengine\collisionengine\debug\main.obj
d:\documents\physicengine\collisionengine\debug\aabbtree.obj
d:\documents\physicengine\collisionengine\debug\aabb.obj
d:\documents\physicengine\debug\collisionengine.exe
d:\documents\physicengine\debug\collisionengine.ilk
d:\documents\physicengine\debug\collisionengine.pdb
d:\documents\physicengine\collisionengine\debug\collisionengine.tlog\cl.command.1.tlog
d:\documents\physicengine\collisionengine\debug\collisionengine.tlog\cl.read.1.tlog
d:\documents\physicengine\collisionengine\debug\collisionengine.tlog\cl.write.1.tlog
d:\documents\physicengine\collisionengine\debug\collisionengine.tlog\link.command.1.tlog
d:\documents\physicengine\collisionengine\debug\collisionengine.tlog\link.read.1.tlog
d:\documents\physicengine\collisionengine\debug\collisionengine.tlog\link.write.1.tlog
