c:\users\f.fournel\documents\visual studio 2013\projects\collisionengine\libs\freetype-2.4.10\objs\release\ftxf86.obj
c:\users\f.fournel\documents\visual studio 2013\projects\collisionengine\libs\freetype-2.4.10\objs\release\ftwinfnt.obj
c:\users\f.fournel\documents\visual studio 2013\projects\collisionengine\libs\freetype-2.4.10\objs\release\fttype1.obj
c:\users\f.fournel\documents\visual studio 2013\projects\collisionengine\libs\freetype-2.4.10\objs\release\ftsystem.obj
c:\users\f.fournel\documents\visual studio 2013\projects\collisionengine\libs\freetype-2.4.10\objs\release\ftsynth.obj
c:\users\f.fournel\documents\visual studio 2013\projects\collisionengine\libs\freetype-2.4.10\objs\release\ftstroke.obj
c:\users\f.fournel\documents\visual studio 2013\projects\collisionengine\libs\freetype-2.4.10\objs\release\ftpfr.obj
c:\users\f.fournel\documents\visual studio 2013\projects\collisionengine\libs\freetype-2.4.10\objs\release\ftpatent.obj
c:\users\f.fournel\documents\visual studio 2013\projects\collisionengine\libs\freetype-2.4.10\objs\release\ftotval.obj
c:\users\f.fournel\documents\visual studio 2013\projects\collisionengine\libs\freetype-2.4.10\objs\release\ftmm.obj
c:\users\f.fournel\documents\visual studio 2013\projects\collisionengine\libs\freetype-2.4.10\objs\release\ftlcdfil.obj
c:\users\f.fournel\documents\visual studio 2013\projects\collisionengine\libs\freetype-2.4.10\objs\release\ftinit.obj
c:\users\f.fournel\documents\visual studio 2013\projects\collisionengine\libs\freetype-2.4.10\objs\release\ftgxval.obj
c:\users\f.fournel\documents\visual studio 2013\projects\collisionengine\libs\freetype-2.4.10\objs\release\ftglyph.obj
c:\users\f.fournel\documents\visual studio 2013\projects\collisionengine\libs\freetype-2.4.10\objs\release\ftgasp.obj
c:\users\f.fournel\documents\visual studio 2013\projects\collisionengine\libs\freetype-2.4.10\objs\release\ftfstype.obj
c:\users\f.fournel\documents\visual studio 2013\projects\collisionengine\libs\freetype-2.4.10\objs\release\ftbitmap.obj
c:\users\f.fournel\documents\visual studio 2013\projects\collisionengine\libs\freetype-2.4.10\objs\release\ftbbox.obj
c:\users\f.fournel\documents\visual studio 2013\projects\collisionengine\libs\freetype-2.4.10\objs\release\ftbase.obj
c:\users\f.fournel\documents\visual studio 2013\projects\collisionengine\libs\freetype-2.4.10\objs\release\autofit.obj
c:\users\f.fournel\documents\visual studio 2013\projects\collisionengine\libs\freetype-2.4.10\objs\release\winfnt.obj
c:\users\f.fournel\documents\visual studio 2013\projects\collisionengine\libs\freetype-2.4.10\objs\release\type42.obj
c:\users\f.fournel\documents\visual studio 2013\projects\collisionengine\libs\freetype-2.4.10\objs\release\type1.obj
c:\users\f.fournel\documents\visual studio 2013\projects\collisionengine\libs\freetype-2.4.10\objs\release\truetype.obj
c:\users\f.fournel\documents\visual studio 2013\projects\collisionengine\libs\freetype-2.4.10\objs\release\smooth.obj
c:\users\f.fournel\documents\visual studio 2013\projects\collisionengine\libs\freetype-2.4.10\objs\release\sfnt.obj
c:\users\f.fournel\documents\visual studio 2013\projects\collisionengine\libs\freetype-2.4.10\objs\release\raster.obj
c:\users\f.fournel\documents\visual studio 2013\projects\collisionengine\libs\freetype-2.4.10\objs\release\psmodule.obj
c:\users\f.fournel\documents\visual studio 2013\projects\collisionengine\libs\freetype-2.4.10\objs\release\pshinter.obj
c:\users\f.fournel\documents\visual studio 2013\projects\collisionengine\libs\freetype-2.4.10\objs\release\psaux.obj
c:\users\f.fournel\documents\visual studio 2013\projects\collisionengine\libs\freetype-2.4.10\objs\release\pfr.obj
c:\users\f.fournel\documents\visual studio 2013\projects\collisionengine\libs\freetype-2.4.10\objs\release\pcf.obj
c:\users\f.fournel\documents\visual studio 2013\projects\collisionengine\libs\freetype-2.4.10\objs\release\ftlzw.obj
c:\users\f.fournel\documents\visual studio 2013\projects\collisionengine\libs\freetype-2.4.10\objs\release\ftgzip.obj
c:\users\f.fournel\documents\visual studio 2013\projects\collisionengine\libs\freetype-2.4.10\objs\release\type1cid.obj
c:\users\f.fournel\documents\visual studio 2013\projects\collisionengine\libs\freetype-2.4.10\objs\release\cff.obj
c:\users\f.fournel\documents\visual studio 2013\projects\collisionengine\libs\freetype-2.4.10\objs\release\ftcache.obj
c:\users\f.fournel\documents\visual studio 2013\projects\collisionengine\libs\freetype-2.4.10\objs\release\bdf.obj
c:\users\f.fournel\documents\visual studio 2013\projects\collisionengine\libs\freetype-2.4.10\objs\release\ftdebug.obj
c:\users\f.fournel\documents\visual studio 2013\projects\collisionengine\libs\freetype-2.4.10\objs\freetype2410.lib
c:\users\f.fournel\downloads\collisionengine\collisionengine_vs2015\libs\freetype-2.4.10\objs\release\autofit.obj
c:\users\f.fournel\downloads\collisionengine\collisionengine_vs2015\libs\freetype-2.4.10\objs\release\bdf.obj
c:\users\f.fournel\downloads\collisionengine\collisionengine_vs2015\libs\freetype-2.4.10\objs\release\cff.obj
c:\users\f.fournel\downloads\collisionengine\collisionengine_vs2015\libs\freetype-2.4.10\objs\release\ftbase.obj
c:\users\f.fournel\downloads\collisionengine\collisionengine_vs2015\libs\freetype-2.4.10\objs\release\ftbbox.obj
c:\users\f.fournel\downloads\collisionengine\collisionengine_vs2015\libs\freetype-2.4.10\objs\release\ftbitmap.obj
c:\users\f.fournel\downloads\collisionengine\collisionengine_vs2015\libs\freetype-2.4.10\objs\release\ftcache.obj
c:\users\f.fournel\downloads\collisionengine\collisionengine_vs2015\libs\freetype-2.4.10\objs\release\ftdebug.obj
c:\users\f.fournel\downloads\collisionengine\collisionengine_vs2015\libs\freetype-2.4.10\objs\release\ftfstype.obj
c:\users\f.fournel\downloads\collisionengine\collisionengine_vs2015\libs\freetype-2.4.10\objs\release\ftgasp.obj
c:\users\f.fournel\downloads\collisionengine\collisionengine_vs2015\libs\freetype-2.4.10\objs\release\ftglyph.obj
c:\users\f.fournel\downloads\collisionengine\collisionengine_vs2015\libs\freetype-2.4.10\objs\release\ftgxval.obj
c:\users\f.fournel\downloads\collisionengine\collisionengine_vs2015\libs\freetype-2.4.10\objs\release\ftgzip.obj
c:\users\f.fournel\downloads\collisionengine\collisionengine_vs2015\libs\freetype-2.4.10\objs\release\ftinit.obj
c:\users\f.fournel\downloads\collisionengine\collisionengine_vs2015\libs\freetype-2.4.10\objs\release\ftlcdfil.obj
c:\users\f.fournel\downloads\collisionengine\collisionengine_vs2015\libs\freetype-2.4.10\objs\release\ftlzw.obj
c:\users\f.fournel\downloads\collisionengine\collisionengine_vs2015\libs\freetype-2.4.10\objs\release\ftmm.obj
c:\users\f.fournel\downloads\collisionengine\collisionengine_vs2015\libs\freetype-2.4.10\objs\release\ftotval.obj
c:\users\f.fournel\downloads\collisionengine\collisionengine_vs2015\libs\freetype-2.4.10\objs\release\ftpatent.obj
c:\users\f.fournel\downloads\collisionengine\collisionengine_vs2015\libs\freetype-2.4.10\objs\release\ftpfr.obj
c:\users\f.fournel\downloads\collisionengine\collisionengine_vs2015\libs\freetype-2.4.10\objs\release\ftstroke.obj
c:\users\f.fournel\downloads\collisionengine\collisionengine_vs2015\libs\freetype-2.4.10\objs\release\ftsynth.obj
c:\users\f.fournel\downloads\collisionengine\collisionengine_vs2015\libs\freetype-2.4.10\objs\release\ftsystem.obj
c:\users\f.fournel\downloads\collisionengine\collisionengine_vs2015\libs\freetype-2.4.10\objs\release\fttype1.obj
c:\users\f.fournel\downloads\collisionengine\collisionengine_vs2015\libs\freetype-2.4.10\objs\release\ftwinfnt.obj
c:\users\f.fournel\downloads\collisionengine\collisionengine_vs2015\libs\freetype-2.4.10\objs\release\ftxf86.obj
c:\users\f.fournel\downloads\collisionengine\collisionengine_vs2015\libs\freetype-2.4.10\objs\release\pcf.obj
c:\users\f.fournel\downloads\collisionengine\collisionengine_vs2015\libs\freetype-2.4.10\objs\release\pfr.obj
c:\users\f.fournel\downloads\collisionengine\collisionengine_vs2015\libs\freetype-2.4.10\objs\release\psaux.obj
c:\users\f.fournel\downloads\collisionengine\collisionengine_vs2015\libs\freetype-2.4.10\objs\release\pshinter.obj
c:\users\f.fournel\downloads\collisionengine\collisionengine_vs2015\libs\freetype-2.4.10\objs\release\psmodule.obj
c:\users\f.fournel\downloads\collisionengine\collisionengine_vs2015\libs\freetype-2.4.10\objs\release\raster.obj
c:\users\f.fournel\downloads\collisionengine\collisionengine_vs2015\libs\freetype-2.4.10\objs\release\sfnt.obj
c:\users\f.fournel\downloads\collisionengine\collisionengine_vs2015\libs\freetype-2.4.10\objs\release\smooth.obj
c:\users\f.fournel\downloads\collisionengine\collisionengine_vs2015\libs\freetype-2.4.10\objs\release\truetype.obj
c:\users\f.fournel\downloads\collisionengine\collisionengine_vs2015\libs\freetype-2.4.10\objs\release\type1.obj
c:\users\f.fournel\downloads\collisionengine\collisionengine_vs2015\libs\freetype-2.4.10\objs\release\type1cid.obj
c:\users\f.fournel\downloads\collisionengine\collisionengine_vs2015\libs\freetype-2.4.10\objs\release\type42.obj
c:\users\f.fournel\downloads\collisionengine\collisionengine_vs2015\libs\freetype-2.4.10\objs\release\winfnt.obj
c:\users\f.fournel\downloads\collisionengine\collisionengine_vs2015\libs\freetype-2.4.10\objs\release\freetype.tlog\cl.command.1.tlog
c:\users\f.fournel\downloads\collisionengine\collisionengine_vs2015\libs\freetype-2.4.10\objs\release\freetype.tlog\cl.read.1.tlog
c:\users\f.fournel\downloads\collisionengine\collisionengine_vs2015\libs\freetype-2.4.10\objs\release\freetype.tlog\cl.write.1.tlog
c:\users\f.fournel\downloads\collisionengine\collisionengine_vs2015\libs\freetype-2.4.10\objs\release\freetype.tlog\lib-link.read.1.tlog
c:\users\f.fournel\downloads\collisionengine\collisionengine_vs2015\libs\freetype-2.4.10\objs\release\freetype.tlog\lib-link.write.1.tlog
c:\users\f.fournel\downloads\collisionengine\collisionengine_vs2015\libs\freetype-2.4.10\objs\release\freetype.tlog\lib.command.1.tlog
