c:\users\f.fournel\documents\visual studio 2013\projects\collisionengine\libs\freetype-2.4.10\objs\debug\vc120.pdb
c:\users\f.fournel\documents\visual studio 2013\projects\collisionengine\libs\freetype-2.4.10\objs\debug\ftxf86.obj
c:\users\f.fournel\documents\visual studio 2013\projects\collisionengine\libs\freetype-2.4.10\objs\debug\ftwinfnt.obj
c:\users\f.fournel\documents\visual studio 2013\projects\collisionengine\libs\freetype-2.4.10\objs\debug\fttype1.obj
c:\users\f.fournel\documents\visual studio 2013\projects\collisionengine\libs\freetype-2.4.10\objs\debug\ftsystem.obj
c:\users\f.fournel\documents\visual studio 2013\projects\collisionengine\libs\freetype-2.4.10\objs\debug\ftsynth.obj
c:\users\f.fournel\documents\visual studio 2013\projects\collisionengine\libs\freetype-2.4.10\objs\debug\ftstroke.obj
c:\users\f.fournel\documents\visual studio 2013\projects\collisionengine\libs\freetype-2.4.10\objs\debug\ftpfr.obj
c:\users\f.fournel\documents\visual studio 2013\projects\collisionengine\libs\freetype-2.4.10\objs\debug\ftpatent.obj
c:\users\f.fournel\documents\visual studio 2013\projects\collisionengine\libs\freetype-2.4.10\objs\debug\ftotval.obj
c:\users\f.fournel\documents\visual studio 2013\projects\collisionengine\libs\freetype-2.4.10\objs\debug\ftmm.obj
c:\users\f.fournel\documents\visual studio 2013\projects\collisionengine\libs\freetype-2.4.10\objs\debug\ftlcdfil.obj
c:\users\f.fournel\documents\visual studio 2013\projects\collisionengine\libs\freetype-2.4.10\objs\debug\ftinit.obj
c:\users\f.fournel\documents\visual studio 2013\projects\collisionengine\libs\freetype-2.4.10\objs\debug\ftgxval.obj
c:\users\f.fournel\documents\visual studio 2013\projects\collisionengine\libs\freetype-2.4.10\objs\debug\ftglyph.obj
c:\users\f.fournel\documents\visual studio 2013\projects\collisionengine\libs\freetype-2.4.10\objs\debug\ftgasp.obj
c:\users\f.fournel\documents\visual studio 2013\projects\collisionengine\libs\freetype-2.4.10\objs\debug\ftfstype.obj
c:\users\f.fournel\documents\visual studio 2013\projects\collisionengine\libs\freetype-2.4.10\objs\debug\ftbitmap.obj
c:\users\f.fournel\documents\visual studio 2013\projects\collisionengine\libs\freetype-2.4.10\objs\debug\ftbbox.obj
c:\users\f.fournel\documents\visual studio 2013\projects\collisionengine\libs\freetype-2.4.10\objs\debug\ftbase.obj
c:\users\f.fournel\documents\visual studio 2013\projects\collisionengine\libs\freetype-2.4.10\objs\debug\autofit.obj
c:\users\f.fournel\documents\visual studio 2013\projects\collisionengine\libs\freetype-2.4.10\objs\debug\winfnt.obj
c:\users\f.fournel\documents\visual studio 2013\projects\collisionengine\libs\freetype-2.4.10\objs\debug\type42.obj
c:\users\f.fournel\documents\visual studio 2013\projects\collisionengine\libs\freetype-2.4.10\objs\debug\type1.obj
c:\users\f.fournel\documents\visual studio 2013\projects\collisionengine\libs\freetype-2.4.10\objs\debug\truetype.obj
c:\users\f.fournel\documents\visual studio 2013\projects\collisionengine\libs\freetype-2.4.10\objs\debug\smooth.obj
c:\users\f.fournel\documents\visual studio 2013\projects\collisionengine\libs\freetype-2.4.10\objs\debug\sfnt.obj
c:\users\f.fournel\documents\visual studio 2013\projects\collisionengine\libs\freetype-2.4.10\objs\debug\raster.obj
c:\users\f.fournel\documents\visual studio 2013\projects\collisionengine\libs\freetype-2.4.10\objs\debug\psmodule.obj
c:\users\f.fournel\documents\visual studio 2013\projects\collisionengine\libs\freetype-2.4.10\objs\debug\pshinter.obj
c:\users\f.fournel\documents\visual studio 2013\projects\collisionengine\libs\freetype-2.4.10\objs\debug\psaux.obj
c:\users\f.fournel\documents\visual studio 2013\projects\collisionengine\libs\freetype-2.4.10\objs\debug\pfr.obj
c:\users\f.fournel\documents\visual studio 2013\projects\collisionengine\libs\freetype-2.4.10\objs\debug\pcf.obj
c:\users\f.fournel\documents\visual studio 2013\projects\collisionengine\libs\freetype-2.4.10\objs\debug\ftlzw.obj
c:\users\f.fournel\documents\visual studio 2013\projects\collisionengine\libs\freetype-2.4.10\objs\debug\ftgzip.obj
c:\users\f.fournel\documents\visual studio 2013\projects\collisionengine\libs\freetype-2.4.10\objs\debug\type1cid.obj
c:\users\f.fournel\documents\visual studio 2013\projects\collisionengine\libs\freetype-2.4.10\objs\debug\cff.obj
c:\users\f.fournel\documents\visual studio 2013\projects\collisionengine\libs\freetype-2.4.10\objs\debug\ftcache.obj
c:\users\f.fournel\documents\visual studio 2013\projects\collisionengine\libs\freetype-2.4.10\objs\debug\bdf.obj
c:\users\f.fournel\documents\visual studio 2013\projects\collisionengine\libs\freetype-2.4.10\objs\debug\ftdebug.obj
c:\users\f.fournel\documents\visual studio 2013\projects\collisionengine\libs\freetype-2.4.10\objs\freetype2410_d.lib
c:\users\f.fournel\downloads\collisionengine\collisionengine_vs2015\libs\freetype-2.4.10\objs\debug\autofit.obj
c:\users\f.fournel\downloads\collisionengine\collisionengine_vs2015\libs\freetype-2.4.10\objs\debug\bdf.obj
c:\users\f.fournel\downloads\collisionengine\collisionengine_vs2015\libs\freetype-2.4.10\objs\debug\cff.obj
c:\users\f.fournel\downloads\collisionengine\collisionengine_vs2015\libs\freetype-2.4.10\objs\debug\ftbase.obj
c:\users\f.fournel\downloads\collisionengine\collisionengine_vs2015\libs\freetype-2.4.10\objs\debug\ftbbox.obj
c:\users\f.fournel\downloads\collisionengine\collisionengine_vs2015\libs\freetype-2.4.10\objs\debug\ftbitmap.obj
c:\users\f.fournel\downloads\collisionengine\collisionengine_vs2015\libs\freetype-2.4.10\objs\debug\ftcache.obj
c:\users\f.fournel\downloads\collisionengine\collisionengine_vs2015\libs\freetype-2.4.10\objs\debug\ftdebug.obj
c:\users\f.fournel\downloads\collisionengine\collisionengine_vs2015\libs\freetype-2.4.10\objs\debug\ftfstype.obj
c:\users\f.fournel\downloads\collisionengine\collisionengine_vs2015\libs\freetype-2.4.10\objs\debug\ftgasp.obj
c:\users\f.fournel\downloads\collisionengine\collisionengine_vs2015\libs\freetype-2.4.10\objs\debug\ftglyph.obj
c:\users\f.fournel\downloads\collisionengine\collisionengine_vs2015\libs\freetype-2.4.10\objs\debug\ftgxval.obj
c:\users\f.fournel\downloads\collisionengine\collisionengine_vs2015\libs\freetype-2.4.10\objs\debug\ftgzip.obj
c:\users\f.fournel\downloads\collisionengine\collisionengine_vs2015\libs\freetype-2.4.10\objs\debug\ftinit.obj
c:\users\f.fournel\downloads\collisionengine\collisionengine_vs2015\libs\freetype-2.4.10\objs\debug\ftlcdfil.obj
c:\users\f.fournel\downloads\collisionengine\collisionengine_vs2015\libs\freetype-2.4.10\objs\debug\ftlzw.obj
c:\users\f.fournel\downloads\collisionengine\collisionengine_vs2015\libs\freetype-2.4.10\objs\debug\ftmm.obj
c:\users\f.fournel\downloads\collisionengine\collisionengine_vs2015\libs\freetype-2.4.10\objs\debug\ftotval.obj
c:\users\f.fournel\downloads\collisionengine\collisionengine_vs2015\libs\freetype-2.4.10\objs\debug\ftpatent.obj
c:\users\f.fournel\downloads\collisionengine\collisionengine_vs2015\libs\freetype-2.4.10\objs\debug\ftpfr.obj
c:\users\f.fournel\downloads\collisionengine\collisionengine_vs2015\libs\freetype-2.4.10\objs\debug\ftstroke.obj
c:\users\f.fournel\downloads\collisionengine\collisionengine_vs2015\libs\freetype-2.4.10\objs\debug\ftsynth.obj
c:\users\f.fournel\downloads\collisionengine\collisionengine_vs2015\libs\freetype-2.4.10\objs\debug\ftsystem.obj
c:\users\f.fournel\downloads\collisionengine\collisionengine_vs2015\libs\freetype-2.4.10\objs\debug\fttype1.obj
c:\users\f.fournel\downloads\collisionengine\collisionengine_vs2015\libs\freetype-2.4.10\objs\debug\ftwinfnt.obj
c:\users\f.fournel\downloads\collisionengine\collisionengine_vs2015\libs\freetype-2.4.10\objs\debug\ftxf86.obj
c:\users\f.fournel\downloads\collisionengine\collisionengine_vs2015\libs\freetype-2.4.10\objs\debug\pcf.obj
c:\users\f.fournel\downloads\collisionengine\collisionengine_vs2015\libs\freetype-2.4.10\objs\debug\pfr.obj
c:\users\f.fournel\downloads\collisionengine\collisionengine_vs2015\libs\freetype-2.4.10\objs\debug\psaux.obj
c:\users\f.fournel\downloads\collisionengine\collisionengine_vs2015\libs\freetype-2.4.10\objs\debug\pshinter.obj
c:\users\f.fournel\downloads\collisionengine\collisionengine_vs2015\libs\freetype-2.4.10\objs\debug\psmodule.obj
c:\users\f.fournel\downloads\collisionengine\collisionengine_vs2015\libs\freetype-2.4.10\objs\debug\raster.obj
c:\users\f.fournel\downloads\collisionengine\collisionengine_vs2015\libs\freetype-2.4.10\objs\debug\sfnt.obj
c:\users\f.fournel\downloads\collisionengine\collisionengine_vs2015\libs\freetype-2.4.10\objs\debug\smooth.obj
c:\users\f.fournel\downloads\collisionengine\collisionengine_vs2015\libs\freetype-2.4.10\objs\debug\truetype.obj
c:\users\f.fournel\downloads\collisionengine\collisionengine_vs2015\libs\freetype-2.4.10\objs\debug\type1.obj
c:\users\f.fournel\downloads\collisionengine\collisionengine_vs2015\libs\freetype-2.4.10\objs\debug\type1cid.obj
c:\users\f.fournel\downloads\collisionengine\collisionengine_vs2015\libs\freetype-2.4.10\objs\debug\type42.obj
c:\users\f.fournel\downloads\collisionengine\collisionengine_vs2015\libs\freetype-2.4.10\objs\debug\winfnt.obj
c:\users\f.fournel\downloads\collisionengine\collisionengine_vs2015\libs\freetype-2.4.10\objs\debug\vc120.pdb
c:\users\f.fournel\downloads\collisionengine\collisionengine_vs2015\libs\freetype-2.4.10\objs\debug\freetype.tlog\cl.command.1.tlog
c:\users\f.fournel\downloads\collisionengine\collisionengine_vs2015\libs\freetype-2.4.10\objs\debug\freetype.tlog\cl.read.1.tlog
c:\users\f.fournel\downloads\collisionengine\collisionengine_vs2015\libs\freetype-2.4.10\objs\debug\freetype.tlog\cl.write.1.tlog
c:\users\f.fournel\downloads\collisionengine\collisionengine_vs2015\libs\freetype-2.4.10\objs\debug\freetype.tlog\lib-link.read.1.tlog
c:\users\f.fournel\downloads\collisionengine\collisionengine_vs2015\libs\freetype-2.4.10\objs\debug\freetype.tlog\lib-link.write.1.tlog
c:\users\f.fournel\downloads\collisionengine\collisionengine_vs2015\libs\freetype-2.4.10\objs\debug\freetype.tlog\lib.command.1.tlog
