d:\documents\physicengine\collisionengine\release\vc141.pdb
d:\documents\physicengine\collisionengine\release\world.obj
d:\documents\physicengine\collisionengine\release\stdafx.obj
d:\documents\physicengine\collisionengine\release\timer.obj
d:\documents\physicengine\collisionengine\release\sdlrenderwindow.obj
d:\documents\physicengine\collisionengine\release\scenemanager.obj
d:\documents\physicengine\collisionengine\release\renderer.obj
d:\documents\physicengine\collisionengine\release\polygon.obj
d:\documents\physicengine\collisionengine\release\physicengine.obj
d:\documents\physicengine\collisionengine\release\maths.obj
d:\documents\physicengine\collisionengine\release\globalevariables.obj
d:\documents\physicengine\collisionengine\release\main.obj
d:\documents\physicengine\collisionengine\release\aabb.obj
d:\documents\physicengine\collisionengine\release\treenode.obj
d:\documents\physicengine\collisionengine\release\aabbtree.obj
d:\documents\physicengine\release\collisionengine.ipdb
d:\documents\physicengine\release\collisionengine.iobj
d:\documents\physicengine\release\collisionengine.exe
d:\documents\physicengine\release\collisionengine.pdb
d:\documents\physicengine\collisionengine\release\vc140.pdb
d:\documents\physicengine\collisionengine\release\collisionengine.tlog\cl.command.1.tlog
d:\documents\physicengine\collisionengine\release\collisionengine.tlog\cl.read.1.tlog
d:\documents\physicengine\collisionengine\release\collisionengine.tlog\cl.write.1.tlog
d:\documents\physicengine\collisionengine\release\collisionengine.tlog\collisionengine.write.1u.tlog
d:\documents\physicengine\collisionengine\release\collisionengine.tlog\link.command.1.tlog
d:\documents\physicengine\collisionengine\release\collisionengine.tlog\link.read.1.tlog
d:\documents\physicengine\collisionengine\release\collisionengine.tlog\link.write.1.tlog
